<?xml version="1.0" encoding="UTF-8" ?>
<!DOCTYPE mapper PUBLIC "-//mybatis.org//DTD Mapper 3.0//EN" "http://mybatis.org/dtd/mybatis-3-mapper.dtd">
<mapper namespace="com.szkingdom.kjdp.core.dao.mybatis.IMapper">

    <select id="kjdp_opJoinSelect" parameterType="map" resultType="map">
        SELECT 1
    </select>

</mapper>